<?xml version="1.0" encoding="UTF-8"?>
<!-- Generated by org.testng.reporters.JUnitReportReporter -->
<testsuite hostname="DESKTOP-BL75G5A" failures="0" tests="1" name="testcases.TC001_SignUpTest" time="0.000" errors="0" timestamp="2024-04-24T21:01:47 IST" skipped="1">
  <testcase classname="testcases.TC001_SignUpTest" name="signupTest" time="0.000">
    <skipped/>
  </testcase> <!-- signupTest -->
  <system-out/>
</testsuite> <!-- testcases.TC001_SignUpTest -->
